<?xml version="1.0" encoding="UTF-8"?>
<!-- Generated by org.testng.reporters.JUnitReportReporter -->
<testsuite hostname="PrateekPC" failures="0" tests="3" name="com.cognizant.tests.HealthInsuranceTest" time="17.414" errors="0" timestamp="2 Jul 2021 13:01:04 GMT">
  <testcase classname="com.cognizant.tests.HealthInsuranceTest" name="HealthInsurance" time="6.832"/>
  <testcase classname="com.cognizant.tests.HealthInsuranceTest" name="HealthInsurance" time="6.642"/>
  <testcase classname="com.cognizant.tests.HealthInsuranceTest" name="HealthInsurance" time="3.940"/>
</testsuite> <!-- com.cognizant.tests.HealthInsuranceTest -->
