<?xml version="1.0" encoding="UTF-8"?>
<!-- Generated by org.testng.reporters.JUnitReportReporter -->
<testsuite hostname="PrateekPC" failures="0" tests="3" name="com.cognizant.tests.HealthInsuranceTest" time="15.297" errors="0" timestamp="2 Jul 2021 16:12:47 GMT">
  <testcase classname="com.cognizant.tests.HealthInsuranceTest" name="HealthInsurance" time="5.714"/>
  <testcase classname="com.cognizant.tests.HealthInsuranceTest" name="HealthInsurance" time="5.932"/>
  <testcase classname="com.cognizant.tests.HealthInsuranceTest" name="HealthInsurance" time="3.651"/>
</testsuite> <!-- com.cognizant.tests.HealthInsuranceTest -->
