<?xml version="1.0" encoding="UTF-8"?>
<!-- Generated by org.testng.reporters.JUnitReportReporter -->
<testsuite hostname="PrateekPC" failures="0" tests="3" name="com.cognizant.tests.CarInsuranceTest" time="70.736" errors="0" timestamp="2 Jul 2021 13:01:04 GMT">
  <testcase classname="com.cognizant.tests.CarInsuranceTest" name="testCarInsuranceCase" time="20.835"/>
  <testcase classname="com.cognizant.tests.CarInsuranceTest" name="testCarInsuranceCase" time="26.256"/>
  <testcase classname="com.cognizant.tests.CarInsuranceTest" name="testCarInsuranceCase" time="23.645"/>
</testsuite> <!-- com.cognizant.tests.CarInsuranceTest -->
