<?xml version="1.0" encoding="UTF-8"?>
<!-- Generated by org.testng.reporters.JUnitReportReporter -->
<testsuite hostname="PrateekPC" failures="0" tests="3" name="com.cognizant.tests.CarInsuranceTest" time="58.922" errors="0" timestamp="2 Jul 2021 16:12:47 GMT">
  <testcase classname="com.cognizant.tests.CarInsuranceTest" name="testCarInsuranceCase" time="21.719"/>
  <testcase classname="com.cognizant.tests.CarInsuranceTest" name="testCarInsuranceCase" time="16.201"/>
  <testcase classname="com.cognizant.tests.CarInsuranceTest" name="testCarInsuranceCase" time="21.002"/>
</testsuite> <!-- com.cognizant.tests.CarInsuranceTest -->
